"Clerk of the House of Representatives" (tagged as: Clerk of the House of Representatives in 113hconres74eh.xml)
"Bipartisan Budget Act of 2013" (tagged as: Bipartisan Budget Act of 2013 in 113hconres81eh.xml)
"Secretary of the Senate" (tagged as: Secretary of the Senate in 113hconres82eh.xml)
"subsection (a)" (tagged as: bill-by-number/113/hr/1036/s:1/ss:a in 113hr1036rs.xml)
"subsection (a)" (tagged as: 113/hr/1192/s:2/ss:a in 113hr1192eh.xml)
"paragraph (1)" (tagged as: bill-by-number/113/hr/1209/s:2/ss:a/p:1 in 113hr1209eh.xml)
"paragraph (1)" (tagged as: bill-by-number/113/hr/1209/s:2/ss:a/p:1 in 113hr1209eh.xml)
"subsection (a)" (tagged as: 113/hr/1216/s:2/ss:a in 113hr1216eh.xml)
"subsection (a)" (tagged as: bill-by-number/113/hr/1228/s:1/ss:a in 113hr1228rs.xml)
"subsection (a)" (tagged as: bill-by-number/113/hr/1376/s:1/ss:a in 113hr1376rs.xml)
"subsection (a)" (tagged as: bill-by-number/113/hr/1391/s:1/ss:a in 113hr1391eh.xml)
"subsection (a)" (tagged as: 113/hr/1451/s:1/ss:a in 113hr1451rs.xml)
"subsection (a)" (tagged as: bill-by-number/113/hr/1458/s:1/ss:a in 113hr1458eh.xml)
"subsection (a)" (tagged as: bill-by-number/113/hr/1671/s:1/ss:a in 113hr1671eh.xml)
"subsection (a)" (tagged as: bill-by-number/113/hr/1707/s:1/ss:a in 113hr1707eh.xml)
"subsection (a)" (tagged as: bill-by-number/113/hr/1726/s:2/ss:a in 113hr1726eh.xml)
"section 2" (tagged as: bill-by-number/113/hr/1726/s:2 in 113hr1726eh.xml)
"subsection (a)" (tagged as: bill-by-number/113/hr/1813/s:1/ss:a in 113hr1813rs.xml)
"subsection (a)" (tagged as: 113/hr/1865/s:1/ss:a in 113hr1865eh.xml)
"subsection (a)" (tagged as: bill-by-number/113/hr/2112/s:1/ss:a in 113hr2112eh.xml)
"subsection (a)" (tagged as: bill-by-number/113/hr/2203/s:2/ss:a in 113hr2203eh.xml)
"section 2" (tagged as: bill-by-number/113/hr/2203/s:2 in 113hr2203eh.xml)
"subsection (a)" (tagged as: 113/hr/2223/s:1/ss:a in 113hr2223eh.xml)
"subsection (a)" (tagged as: 113/hr/2291/s:1/ss:a in 113hr2291eh.xml)
"subsection (b)" (tagged as: bill-by-number/113/hr/2388/s:1/ss:b in 113hr2388rs.xml)
"subsection (a)" (tagged as: bill-by-number/113/hr/2388/s:1/ss:a in 113hr2388rs.xml)
"subsection (a)" (tagged as: bill-by-number/113/hr/2388/s:1/ss:a in 113hr2388rs.xml)
"subsection (a)" (tagged as: bill-by-number/113/hr/2391/s:1/ss:a in 113hr2391rs.xml)
"subsection (a)" (tagged as: 113/hr/2802/s:1/ss:a in 113hr2802eh.xml)
"subsection (a)" (tagged as: 113/hr/2939/s:2/ss:a in 113hr2939eh.xml)
"section 2" (tagged as: 113/hr/2939/s:2 in 113hr2939eh.xml)
"subsection (a)" (tagged as: bill-by-number/113/hr/2942/s:1/ss:a in 113hr2942eh.xml)
"subsection (a)" (tagged as: 113/hr/3027/s:1/ss:a in 113hr3027eh.xml)
"subsection (a)" (tagged as: bill-by-number/113/hr/3060/s:1/ss:a in 113hr3060rs.xml)
"section 245 of the " (tagged as: Immigration and Nationality Act/s:245 in 113hr306eh.xml)
"(b)" (tagged as: 113/hr/306/s:1/ss:b in 113hr306eh.xml)
"section 245 of the " (tagged as: Immigration and Nationality Act/s:245 in 113hr306rh.xml)
"(b)" (tagged as: bill-by-number/113/hr/306/s:1/ss:b in 113hr306rh.xml)
"subsection (a)" (tagged as: 113/hr/3085/s:1/ss:a in 113hr3085eh.xml)
"subsection (a)" (tagged as: 113/hr/3329/s:1/ss:a in 113hr3329eh.xml)
"subsection (a)" (tagged as: bill-by-number/113/hr/3375/s:1/ss:a in 113hr3375eh.xml)
"section 201 of S. Con. Res. 21 (110th Congress)" (tagged as: 110/sconres/21/s:201 in 113hr3393eh.xml)
"section 201 of S. Con. Res. 21 (110th Congress)" (tagged as: 110/sconres/21/s:201 in 113hr3393eh.xml)
"subsection (a)" (tagged as: bill-by-number/113/hr/3472/s:1/ss:a in 113hr3472eh.xml)
"subsection (a)" (tagged as: 113/hr/3534/s:1/ss:a in 113hr3534eh.xml)
"subsection (a)" (tagged as: bill-by-number/113/hr/3682/s:1/ss:a in 113hr3682eh.xml)
"subsection (a)" (tagged as: bill-by-number/113/hr/3765/s:1/ss:a in 113hr3765eh.xml)
"subsection (b)" (tagged as: bill-by-number/113/hr/3786/s:1/ss:b in 113hr3786eh.xml)
"subsection (a)" (tagged as: bill-by-number/113/hr/3786/s:1/ss:a in 113hr3786eh.xml)
"subsection (a)" (tagged as: bill-by-number/113/hr/3786/s:1/ss:a in 113hr3786eh.xml)
"subparagraph (B)" (tagged as: bill-by-number/113/hr/3786/s:1/ss:c/p:1/sp:B in 113hr3786eh.xml)
"subsection (a)" (tagged as: bill-by-number/113/hr/3786/s:1/ss:a in 113hr3786eh.xml)
"subsection (a)" (tagged as: bill-by-number/113/hr/3786/s:1/ss:a in 113hr3786eh.xml)
"subsection (a)" (tagged as: bill-by-number/113/hr/3786/s:1/ss:a in 113hr3786eh.xml)
"subsection (a)" (tagged as: bill-by-number/113/hr/4017/s:1/ss:a in 113hr4017rh.xml)
"subsection (a)" (tagged as: bill-by-number/113/hr/4192/s:1/ss:a in 113hr4192eh.xml)
"subsection (a)" (tagged as: bill-by-number/113/hr/4192/s:1/ss:a in 113hr4192rh.xml)
"subsection (a)" (tagged as: 113/hr/4355/s:1/ss:a in 113hr4355eh.xml)
"subsection (a)" (tagged as: bill-by-number/113/hr/4360/s:1/ss:a in 113hr4360eh.xml)
"paragraph (1)" (tagged as: bill-by-number/113/hr/4382/s:2/ss:b/p:1 in 113hr4382ih.xml)
"subsection (a)" (tagged as: bill-by-number/113/hr/4382/s:2/ss:a in 113hr4382ih.xml)
"paragraph (1)" (tagged as: bill-by-number/113/hr/4382/s:2/ss:b/p:1 in 113hr4382ih.xml)
"paragraph (2)" (tagged as: bill-by-number/113/hr/4382/s:2/ss:b/p:2 in 113hr4382ih.xml)
"subsection (b)" (tagged as: bill-by-number/113/hr/4382/s:2/ss:b in 113hr4382ih.xml)
"subsection (a)" (tagged as: bill-by-number/113/hr/4382/s:2/ss:a in 113hr4382ih.xml)
"section 2(a)" (tagged as: bill-by-number/113/hr/4382/s:2/ss:a in 113hr4382ih.xml)
"subsection (a)" (tagged as: bill-by-number/113/hr/43/s:1/ss:a in 113hr43eh.xml)
"subsection (a)" (tagged as: 113/hr/4416/s:1/ss:a in 113hr4416eh.xml)
"subsection (e)" (tagged as: bill-by-number/113/hr/4439/s:1/ss:e in 113hr4439ih.xml)
"subsection (c)" (tagged as: bill-by-number/113/hr/4439/s:1/ss:c in 113hr4439ih.xml)
"subsection (c)" (tagged as: bill-by-number/113/hr/4439/s:1/ss:c in 113hr4439ih.xml)
"section 201 of S. Con. Res. 21 (110th Congress)" (tagged as: bill-by-number/110/hr/21/s:201 in 113hr4453eh.xml)
"section 201 of S. Con. Res. 21 (110th Congress)" (tagged as: 110/sconres/21/s:201 in 113hr4453pcs.xml)
"section 201 of S. Con. Res. 21 (110th Congress)" (tagged as: bill-by-number/110/sconres/21/s:201 in 113hr4457eh.xml)
"section 201 of S. Con. Res. 21 (110th Congress)" (tagged as: bill-by-number/110/sconres/21/s:201 in 113hr4457pcs.xml)
"paragraph (2)" (tagged as: 113/hr/4474/s:1/ss:a/p:2 in 113hr4474ih.xml)
"paragraph (1)" (tagged as: 113/hr/4474/s:1/ss:a/p:1 in 113hr4474ih.xml)
"paragraph (1)" (tagged as: 113/hr/4474/s:1/ss:a/p:1 in 113hr4474ih.xml)
"paragraph (2)" (tagged as: 113/hr/4474/s:1/ss:b/p:2 in 113hr4474ih.xml)
"paragraph (1)" (tagged as: 113/hr/4474/s:1/ss:b/p:1 in 113hr4474ih.xml)
"paragraph (1)" (tagged as: 113/hr/4500/s:1/ss:b/p:1 in 113hr4500ih.xml)
"subsection (a)" (tagged as: 113/hr/4500/s:1/ss:a in 113hr4500ih.xml)
"paragraph (1)" (tagged as: 113/hr/4500/s:1/ss:c/p:1 in 113hr4500ih.xml)
"paragraph (1)" (tagged as: 113/hr/4500/s:1/ss:c/p:1 in 113hr4500ih.xml)
"paragraph (1)" (tagged as: 113/hr/4500/s:1/ss:c/p:1 in 113hr4500ih.xml)
"subsection (c)" (tagged as: 113/hr/4506/s:1/ss:c in 113hr4506ih.xml)
"(b)" (tagged as: 113/hr/4506/s:1/ss:b in 113hr4506ih.xml)
"subsection (a)" (tagged as: 113/hr/451/s:1/ss:a in 113hr451eh.xml)
"paragraph (1)" (tagged as: 113/hr/4528/s:1/ss:b/p:1 in 113hr4528ih.xml)
"paragraph (1)" (tagged as: 113/hr/4528/s:1/ss:b/p:1 in 113hr4528ih.xml)
"subsection (b)" (tagged as: 113/hr/4528/s:1/ss:b in 113hr4528ih.xml)
"paragraph (1)" (tagged as: 113/hr/4530/s:1/p:1 in 113hr4530ih.xml)
"subsection (b)" (tagged as: 113/hr/4535/s:2/ss:b in 113hr4535ih.xml)
"section 4" (tagged as: 113/hr/4535/s:4 in 113hr4535ih.xml)
"subsection (a)(2)" (tagged as: 113/hr/4535/s:2/ss:a/p:2 in 113hr4535ih.xml)
"subsection (b)" (tagged as: 113/hr/4535/s:2/ss:b in 113hr4535ih.xml)
"subsection (a)" (tagged as: 113/hr/4535/s:3/ss:a in 113hr4535ih.xml)
"32 Stat. 388" (tagged as: statute-at-large/32/388 in 113hr4562eh.xml)
"subsection (a)" (tagged as: 113/hr/4562/s:1/ss:a in 113hr4562eh.xml)
"subsection (a)" (tagged as: 113/hr/4562/s:1/ss:a in 113hr4562ih.xml)
"subsection (a)" (tagged as: 113/hr/4562/s:1/ss:a in 113hr4562rh.xml)
"subsection (a)" (tagged as: 113/hr/4576/s:2/ss:a in 113hr4576ih.xml)
"subsection (a)" (tagged as: 113/hr/4576/s:2/ss:a in 113hr4576ih.xml)
"subsection (a)" (tagged as: 113/hr/4576/s:2/ss:a in 113hr4576ih.xml)
"subsection (a)" (tagged as: 113/hr/4576/s:3/ss:a in 113hr4576ih.xml)
"subsection (a)" (tagged as: 113/hr/4576/s:5/ss:a in 113hr4576ih.xml)
"subsection (c)" (tagged as: bill-by-number/113/hr/4585/s:1/ss:c in 113hr4585ih.xml)
"(b)" (tagged as: bill-by-number/113/hr/4585/s:1/ss:b in 113hr4585ih.xml)
"subsection (a)" (tagged as: bill-by-number/113/hr/4651/s:1/ss:a in 113hr4651ih.xml)
"subsection (a)" (tagged as: bill-by-number/113/hr/4658/s:1/ss:a in 113hr4658ih.xml)
"subsection (a)" (tagged as: bill-by-number/113/hr/4666/s:1/ss:a in 113hr4666ih.xml)
"subsection (a)" (tagged as: bill-by-number/113/hr/4666/s:1/ss:a in 113hr4666ih.xml)
"subsection (a)" (tagged as: bill-by-number/113/hr/4666/s:1/ss:a in 113hr4666ih.xml)
"subsection (a)" (tagged as: bill-by-number/113/hr/4666/s:1/ss:a in 113hr4666ih.xml)
"subsection (a)" (tagged as: bill-by-number/113/hr/4666/s:1/ss:a in 113hr4666ih.xml)
"subsection (a)" (tagged as: bill-by-number/113/hr/4695/s:1/ss:a in 113hr4695ih.xml)
"subsection (a)" (tagged as: bill-by-number/113/hr/4703/s:1/ss:a in 113hr4703ih.xml)
"section 168(k)(4)(D)(iii) of such Code" (tagged as: Internal Revenue Code of 1986/s:168/ss:k/p:4/sp:D/cl:iii in 113hr4718eh.xml)
"subsection (c)(2)" (tagged as: 113/hr/4718/s:1/ss:c/p:2 in 113hr4718eh.xml)
"section 201 of S. Con. Res. 21 (110th Congress)" (tagged as: 110/sconres/21/s:201 in 113hr4718eh.xml)
"subsection (b)" (tagged as: 113/hr/4718/s:1/ss:b in 113hr4718pcs.xml)
"subsection (c)(2)" (tagged as: 113/hr/4718/s:1/ss:c/p:2 in 113hr4718pcs.xml)
"section 201 of S. Con. Res. 21 (110th Congress)" (tagged as: 110/sconres/21/s:201 in 113hr4718pcs.xml)
"section 168(k)(4)(D)(iii) of such Code" (tagged as: Internal Revenue Code of 1986/s:168/ss:k/p:4/sp:D/cl:iii in 113hr4718rh.xml)
"subsection (c)(2)" (tagged as: 113/hr/4718/s:1/ss:c/p:2 in 113hr4718rh.xml)
"section 201 of S. Con. Res. 21 (110th Congress)" (tagged as: 110/sconres/21/s:201 in 113hr4719eh.xml)
"section 201 of S. Con. Res. 21 (110th Congress)" (tagged as: 110/sconres/21/s:201 in 113hr4719pcs.xml)
"subsection (b)" (tagged as: 113/hr/4727/s:1/ss:b in 113hr4727ih.xml)
"subsection (a)" (tagged as: 113/hr/4727/s:1/ss:a in 113hr4727ih.xml)
"paragraph (2)" (tagged as: 113/hr/4757/s:1/ss:a/p:2 in 113hr4757ih.xml)
"subsection (c)" (tagged as: bill-by-number/113/hr/4759/s:1/ss:c in 113hr4759ih.xml)
"subsection (d)(2)(A)" (tagged as: 113/hr/4766/s:3/ss:d/p:2/sp:A in 113hr4766ih.xml)
"subparagraph (A)" (tagged as: 113/hr/4766/s:3/ss:b/p:1/sp:A in 113hr4766ih.xml)
"subparagraph (B)" (tagged as: 113/hr/4766/s:3/ss:b/p:1/sp:B in 113hr4766ih.xml)
"subsection (d)(2)(B)" (tagged as: 113/hr/4766/s:3/ss:d/p:2/sp:B in 113hr4766ih.xml)
"subparagraph (A)" (tagged as: 113/hr/4766/s:3/ss:b/p:2/sp:A in 113hr4766ih.xml)
"clause (ii)" (tagged as: 113/hr/4766/s:3/ss:b/p:2/sp:B/cl:ii in 113hr4766ih.xml)
"(2)(A)" (tagged as: 113/hr/4766/s:3/ss:b/p:2/sp:A in 113hr4766ih.xml)
"paragraph (1)(A)" (tagged as: 113/hr/4766/s:3/ss:b/p:1/sp:A in 113hr4766ih.xml)
"paragraph (2)(A)" (tagged as: 113/hr/4766/s:3/ss:b/p:2/sp:A in 113hr4766ih.xml)
"(2)(A)" (tagged as: 113/hr/4766/s:3/ss:b/p:2/sp:A in 113hr4766ih.xml)
"subparagraph (A)" (tagged as: 113/hr/4766/s:3/ss:b/p:4/sp:A in 113hr4766ih.xml)
"paragraph (2)(A)" (tagged as: 113/hr/4766/s:3/ss:b/p:2/sp:A in 113hr4766ih.xml)
"subparagraph (A)" (tagged as: 113/hr/4766/s:3/ss:b/p:4/sp:A in 113hr4766ih.xml)
"(2)(A) of subsection (b)" (tagged as: 113/hr/4766/s:3/ss:b/p:2/sp:A in 113hr4766ih.xml)
"paragraph (3)" (tagged as: 113/hr/4766/s:3/ss:c/p:3 in 113hr4766ih.xml)
"subsection (b)(4)(B)(ii)" (tagged as: 113/hr/4766/s:3/ss:b/p:4/sp:B/cl:ii in 113hr4766ih.xml)
"subsection (b)(1)(A)" (tagged as: 113/hr/4766/s:3/ss:b/p:1/sp:A in 113hr4766ih.xml)
"subsection (b)(4)(B)(ii)" (tagged as: 113/hr/4766/s:3/ss:b/p:4/sp:B/cl:ii in 113hr4766ih.xml)
"subsection (b)(2)(A)" (tagged as: 113/hr/4766/s:3/ss:b/p:2/sp:A in 113hr4766ih.xml)
"subsection (b)(4)(A)" (tagged as: 113/hr/4766/s:3/ss:b/p:4/sp:A in 113hr4766ih.xml)
"subsection (b)(4)(C)" (tagged as: 113/hr/4766/s:3/ss:b/p:4/sp:C in 113hr4766ih.xml)
"paragraph (1)" (tagged as: 113/hr/4766/s:3/ss:d/p:1 in 113hr4766ih.xml)
"paragraph (1)" (tagged as: 113/hr/4766/s:3/ss:d/p:1 in 113hr4766ih.xml)
"paragraph (1)" (tagged as: 113/hr/4766/s:3/ss:d/p:1 in 113hr4766ih.xml)
"(ii) of subparagraph (A)" (tagged as: 113/hr/4766/s:3/ss:d/p:4/sp:A/cl:ii in 113hr4766ih.xml)
"paragraph (2)" (tagged as: 113/hr/4766/s:3/ss:d/p:2 in 113hr4766ih.xml)
"subsection (c)(3)" (tagged as: 113/hr/4766/s:3/ss:c/p:3 in 113hr4766ih.xml)
"subsection (a)" (tagged as: 113/hr/4766/s:6/ss:a in 113hr4766ih.xml)
"section 8" (tagged as: 113/hr/4766/s:8 in 113hr4766ih.xml)
"section 9" (tagged as: 113/hr/4766/s:9 in 113hr4766ih.xml)
"section 9" (tagged as: 113/hr/4766/s:9 in 113hr4766ih.xml)
"subsection (a)" (tagged as: 113/hr/4766/s:10/ss:a in 113hr4766ih.xml)
"subsection (c)" (tagged as: 113/hr/4766/s:11/ss:c in 113hr4766ih.xml)
"subsection (c)" (tagged as: 113/hr/4766/s:11/ss:c in 113hr4766ih.xml)
"subsection (c)" (tagged as: 113/hr/4766/s:11/ss:c in 113hr4766ih.xml)
"paragraph (2)" (tagged as: 113/hr/4766/s:11/ss:c/p:2 in 113hr4766ih.xml)
"subsection (c)" (tagged as: bill-by-number/113/hr/4821/s:1/ss:c in 113hr4821ih.xml)
"(b)" (tagged as: bill-by-number/113/hr/4821/s:1/ss:b in 113hr4821ih.xml)
"section 1" (tagged as: bill-by-number/113/hr/4838/s:1 in 113hr4838ih.xml)
"subsection (c)" (tagged as: bill-by-number/113/hr/4884/s:1/ss:c in 113hr4884ih.xml)
"(b)" (tagged as: bill-by-number/113/hr/4884/s:1/ss:b in 113hr4884ih.xml)
"subsection (a)" (tagged as: bill-by-number/113/hr/4912/s:1/ss:a in 113hr4912ih.xml)
"subsection (a)" (tagged as: bill-by-number/113/hr/4919/s:1/ss:a in 113hr4919ih.xml)
"subsection (a)" (tagged as: bill-by-number/113/hr/4926/s:1/ss:a in 113hr4926ih.xml)
"subsection (a)" (tagged as: bill-by-number/113/hr/4926/s:2/ss:a in 113hr4926ih.xml)
"subsection (a)" (tagged as: bill-by-number/113/hr/4927/s:1/ss:a in 113hr4927ih.xml)
"subsection (a)" (tagged as: bill-by-number/113/hr/4939/s:1/ss:a in 113hr4939ih.xml)
"subsection (a)" (tagged as: bill-by-number/113/hr/4995/s:1/ss:a in 113hr4995ih.xml)
"Subsection (a)" (tagged as: bill-by-number/113/hr/5008/s:1/ss:a in 113hr5008ih.xml)
"subsection (a)" (tagged as: bill-by-number/113/hr/5017/s:1/ss:a in 113hr5017ih.xml)
"subsection (a)" (tagged as: bill-by-number/113/hr/5019/s:1/ss:a in 113hr5019ih.xml)
"subsection (a)" (tagged as: bill-by-number/113/hr/5030/s:1/ss:a in 113hr5030ih.xml)
"subsection (a)" (tagged as: bill-by-number/113/hr/5041/s:1/ss:a in 113hr5041ih.xml)
"subsection (a)" (tagged as: 113/hr/5061/s:1/ss:a in 113hr5061ih.xml)
"subsection (a)" (tagged as: 113/hr/5067/s:1/ss:a in 113hr5067ih.xml)
"subsection (a)" (tagged as: 113/hr/5086/s:1/ss:a in 113hr5086ih.xml)
"subsection (a)" (tagged as: 113/hr/5087/s:1/ss:a in 113hr5087ih.xml)
"subsection (a)" (tagged as: 113/hr/5089/s:1/ss:a in 113hr5089ih.xml)
"subsection (a)" (tagged as: 113/hr/5106/s:1/ss:a in 113hr5106ih.xml)
"subsection (a)" (tagged as: 113/hr/5109/s:1/ss:a in 113hr5109ih.xml)
"subsection (b)(1)" (tagged as: 113/hr/5112/s:1/ss:b/p:1 in 113hr5112ih.xml)
"subsection (c)" (tagged as: 113/hr/5112/s:1/ss:c in 113hr5112ih.xml)
"paragraph (1)" (tagged as: 113/hr/5112/s:1/ss:c/p:1 in 113hr5112ih.xml)
"subsection (a)" (tagged as: 113/hr/5112/s:1/ss:a in 113hr5112ih.xml)
"subsection (b)(1) of such section" (tagged as: 113/hr/5112/s:1/ss:b/p:1 in 113hr5112ih.xml)
"subsection (a)" (tagged as: 113/hr/5139/s:1/ss:a in 113hr5139ih.xml)
"subsection (a)" (tagged as: 113/hr/5142/s:1/ss:a in 113hr5142ih.xml)
"section 1" (tagged as: 113/hr/5146/s:1 in 113hr5146ih.xml)
"paragraph (1)" (tagged as: 113/hr/5163/s:5/p:1 in 113hr5163ih.xml)
"paragraph (1)" (tagged as: 113/hr/5163/s:5/p:1 in 113hr5163ih.xml)
"subsection (c)" (tagged as: 113/hr/5167/s:1/ss:c in 113hr5167ih.xml)
"subsection (b)" (tagged as: 113/hr/5167/s:1/ss:b in 113hr5167ih.xml)
"subsection (a)" (tagged as: 113/hr/5167/s:1/ss:a in 113hr5167ih.xml)
"subsection (a)" (tagged as: 113/hr/5167/s:1/ss:a in 113hr5167ih.xml)
"subsection (a)" (tagged as: 113/hr/5167/s:1/ss:a in 113hr5167ih.xml)
"subparagraph (B)" (tagged as: 113/hr/5167/s:1/ss:c/p:1/sp:B in 113hr5167ih.xml)
"subsection (a)" (tagged as: 113/hr/5167/s:1/ss:a in 113hr5167ih.xml)
"subsection (a)" (tagged as: 113/hr/5167/s:1/ss:a in 113hr5167ih.xml)
"subsection (a)" (tagged as: 113/hr/5176/s:1/ss:a in 113hr5176ih.xml)
"subsection (a)" (tagged as: 113/hr/606/s:1/ss:a in 113hr606eh.xml)
"subsection (c)" (tagged as: 113/hr/802/s:1/ss:c in 113hr802ih.xml)
"(b)" (tagged as: 113/hr/802/s:1/ss:b in 113hr802ih.xml)
"subsection (d)" (tagged as: 113/hr/83/s:1/ss:d in 113hr83rh.xml)
"subsection (b)" (tagged as: 113/hr/83/s:1/ss:b in 113hr83rh.xml)
"subsection (e)" (tagged as: 113/hr/83/s:1/ss:e in 113hr83rh.xml)
"subsection (a)" (tagged as: 113/hres/558/s:1/ss:a in 113hres558ih.xml)
"H. Res. 565" (tagged as: 113/hres/565 in 113hres568rh.xml)
"S. 815" (tagged as: 113/s/815 in 113hres639ih.xml)
"S. 815" (tagged as: 113/s/815 in 113hres639ih.xml)
"H.R. 5021" (tagged as: 113/hr/5021 in 113hres669eh.xml)
"Internal Revenue Code of 1986" (tagged as: Internal Revenue Code of 1986 in 113hres670eh.xml)
"section  403(a) of S. Con. Res. 13 (111th Congress)" (tagged as: 111/sconres/13/s:403/ss:a in 113s1560cps.xml)
"subsection (a)" (tagged as: 113/s/1566/s:2/ss:a in 113s1566cps.xml)
"subsection (a)" (tagged as: 113/s/1566/s:2/ss:a in 113s1566cps.xml)
"subsection (a)" (tagged as: 113/s/2056/s:1/ss:a in 113s2056es.xml)
"subsection (a)" (tagged as: 113/s/2056/s:1/ss:a in 113s2056rs.xml)
"subsection (a)" (tagged as: 113/s/2057/s:1/ss:a in 113s2057es.xml)
"subsection (a)" (tagged as: 113/s/2057/s:1/ss:a in 113s2057rs.xml)
"(b)" (tagged as: 113/s/2183/s:1/ss:b in 113s2183cps.xml)
"paragraph (2)" (tagged as: 113/s/2255/s:1/ss:a/p:2 in 113s2255is.xml)
"paragraph  (1)" (tagged as: 113/s/2255/s:1/ss:a/p:1 in 113s2255is.xml)
"paragraph (1)" (tagged as: 113/s/2255/s:1/ss:a/p:1 in 113s2255is.xml)
"paragraph (2)" (tagged as: 113/s/2255/s:1/ss:b/p:2 in 113s2255is.xml)
"paragraph (1)" (tagged as: 113/s/2255/s:1/ss:b/p:1 in 113s2255is.xml)
"subsection (a)" (tagged as: 113/s/2274/s:1/ss:a in 113s2274is.xml)
"paragraph (1)" (tagged as: 113/s/2274/s:1/ss:b/p:1 in 113s2274is.xml)
"subsection (a)" (tagged as: 113/s/2280/s:1/ss:a in 113s2280pcs.xml)
"subsection (a)" (tagged as: 113/s/2280/s:1/ss:a in 113s2280pcs.xml)
"subsection (a)" (tagged as: 113/s/2280/s:1/ss:a in 113s2280pcs.xml)
"subsection (a)" (tagged as: 113/s/2280/s:1/ss:a in 113s2280pcs.xml)
"subsection (a)" (tagged as: 113/s/2280/s:1/ss:a in 113s2280pcs.xml)
"(3)" (tagged as: 113/s/2294/s:1/ss:b/p:3 in 113s2294is.xml)
"Commission" (tagged as: Military Compensation and Retirement Modernization Commission in 113s2294is.xml)
"subsection (a)" (tagged as: 113/s/2308/s:1/ss:a in 113s2308is.xml)
"paragraph (1)(A)" (tagged as: 113/s/2311/s:1/ss:b/p:1/sp:A in 113s2311is.xml)
"subparagraph (C)" (tagged as: 113/s/2311/s:1/ss:b/p:2/sp:C in 113s2311is.xml)
"paragraph (1)(B)" (tagged as: 113/s/2311/s:1/ss:b/p:1/sp:B in 113s2311is.xml)
"subparagraph (A)" (tagged as: 113/s/2311/s:1/ss:b/p:3/sp:A in 113s2311is.xml)
"paragraph (1)" (tagged as: 113/s/2316/s:1/ss:a/p:1 in 113s2316is.xml)
"subsection (a)" (tagged as: 113/s/2316/s:1/ss:a in 113s2316is.xml)
"subsection (a)" (tagged as: 113/s/2316/s:1/ss:a in 113s2316is.xml)
"paragraph (1)" (tagged as: 113/s/2316/s:1/ss:c/p:1 in 113s2316is.xml)
"subsection (a)" (tagged as: 113/s/2320/s:1/ss:a in 113s2320is.xml)
"Subsection (a)" (tagged as: 113/s/2369/s:1/ss:a in 113s2369is.xml)
"subsection (c)" (tagged as: 113/s/2474/s:1/ss:c in 113s2474is.xml)
"(b)" (tagged as: 113/s/2474/s:1/ss:b in 113s2474is.xml)
"subsection (a)" (tagged as: 113/s/2493/s:1/ss:a in 113s2493is.xml)
"subsection (a)" (tagged as: 113/s/2511/s:1/ss:a in 113s2511is.xml)
"subsection (a)" (tagged as: 113/s/2522/s:1/ss:a in 113s2522is.xml)
"subsection (a)" (tagged as: 113/s/2522/s:2/ss:a in 113s2522is.xml)
"subsection (a)" (tagged as: 113/s/2523/s:1/ss:a in 113s2523is.xml)
"subsection (b)" (tagged as: 113/s/2545/s:1/ss:b in 113s2545is.xml)
"subparagraph (A)" (tagged as: 113/s/2545/s:1/ss:a/p:1/sp:A in 113s2545is.xml)
"subsection (a)(1)" (tagged as: 113/s/2545/s:1/ss:a/p:1 in 113s2545is.xml)
"subsection (a)" (tagged as: 113/s/2545/s:1/ss:a in 113s2545is.xml)
"paragraph (1)" (tagged as: 113/s/2545/s:1/ss:d/p:1 in 113s2545is.xml)
"subparagraph (A)" (tagged as: 113/s/2545/s:1/ss:d/p:3/sp:A in 113s2545is.xml)
"paragraph (2)" (tagged as: 113/s/2545/s:1/ss:d/p:2 in 113s2545is.xml)
"paragraph (1)" (tagged as: 113/s/2545/s:1/ss:d/p:1 in 113s2545is.xml)
"subsection (a)" (tagged as: 113/s/2555/s:2/ss:a in 113s2555is.xml)
"subsection (a)" (tagged as: 113/s/2577/s:1/ss:a in 113s2577is.xml)
"subsection (a)" (tagged as: 113/s/2577/s:1/ss:a in 113s2577rs.xml)
"subsection (a)" (tagged as: 113/s/2579/s:1/ss:a in 113s2579pcs.xml)
"H.R. 5487 of the 96th Congress" (tagged as: bill-by-number/96/hr/5487 in 113s258rs.xml)
"H.R. 5487 of the 96th Congress" (tagged as: bill-by-number/96/hr/5487 in 113s258rs.xml)
"section 1" (tagged as: 113/s/2594/s:1 in 113s2594is.xml)
"section 1" (tagged as: 113/s/2594/s:1 in 113s2594is.xml)
"Subsection (a)" (tagged as: 113/s/2606/s:1/ss:a in 113s2606is.xml)
"(b)" (tagged as: 113/s/2615/s:1/ss:b in 113s2615is.xml)
"paragraph (1)" (tagged as: 113/s/2632/s:5/p:1 in 113s2632is.xml)
"paragraph (1)" (tagged as: 113/s/2632/s:5/p:1 in 113s2632is.xml)
"clause (i)" (tagged as: 113/s/2643/s:1/ss:c/p:1/sp:A/cl:i in 113s2643is.xml)
"paragraph (1)(B)" (tagged as: 113/s/2643/s:1/ss:c/p:1/sp:B in 113s2643is.xml)
"section 8(a)" (tagged as: STOCK Act/s:8/ss:a in 113s716cps.xml)
"paragraph (1)" (tagged as: 113/s/716/s:1/ss:a/p:1 in 113s716cps.xml)
"Section 1 of the Act entitled " (tagged as: 112/s/3625/s:1 in 113s716cps.xml)
"paragraph (3)" (tagged as: 113/s/753/s:1/ss:a/p:3 in 113s753rs.xml)
"paragraph (2)" (tagged as: 113/s/753/s:1/ss:a/p:2 in 113s753rs.xml)
"paragraph (1)" (tagged as: 113/s/753/s:1/ss:a/p:1 in 113s753rs.xml)
"subparagraph (B)" (tagged as: 113/s/753/s:1/ss:a/p:2/sp:B in 113s753rs.xml)
"paragraph (1)" (tagged as: 113/s/753/s:1/ss:a/p:1 in 113s753rs.xml)
"subsection (a)(2)(A)" (tagged as: 113/s/753/s:1/ss:a/p:2/sp:A in 113s753rs.xml)
"paragraph (1)" (tagged as: 113/s/753/s:1/ss:c/p:1 in 113s753rs.xml)
"subsection (a)" (tagged as: 113/s/753/s:1/ss:a in 113s753rs.xml)
"paragraph (1)" (tagged as: 113/s/753/s:1/ss:d/p:1 in 113s753rs.xml)
"subsection (a)(2)(A)" (tagged as: 113/s/753/s:1/ss:a/p:2/sp:A in 113s753rs.xml)
